{
  "stats": {
    "suites": 1,
    "tests": 4,
    "passes": 4,
    "pending": 0,
    "failures": 0,
    "start": "2022-12-07T13:14:44.206Z",
    "end": "2022-12-07T13:14:48.800Z",
    "duration": 4594,
    "testsRegistered": 4,
    "passPercent": 100,
    "pendingPercent": 0,
    "other": 0,
    "hasOther": false,
    "skipped": 0,
    "hasSkipped": false
  },
  "results": [
    {
      "uuid": "c836e33f-467f-492a-b527-966123cdb3ba",
      "title": "",
      "fullFile": "cypress/integration/loginTest/loginTest.spec.js",
      "file": "cypress/integration/loginTest/loginTest.spec.js",
      "beforeHooks": [],
      "afterHooks": [],
      "tests": [],
      "suites": [
        {
          "uuid": "300403b2-0796-4e9c-baeb-83ada89d8487",
          "title": "Test for the Login page",
          "fullFile": "",
          "file": "",
          "beforeHooks": [],
          "afterHooks": [],
          "tests": [
            {
              "title": "1.test the validation for username",
              "fullTitle": "Test for the Login page 1.test the validation for username",
              "timedOut": null,
              "duration": 408,
              "state": "passed",
              "speed": "fast",
              "pass": true,
              "fail": false,
              "pending": false,
              "context": null,
              "code": "(0, _login.testForUsernameValidation)();",
              "err": {},
              "uuid": "a1485cb3-187e-4051-9f08-a1ebfca28f29",
              "parentUUID": "300403b2-0796-4e9c-baeb-83ada89d8487",
              "isHook": false,
              "skipped": false
            },
            {
              "title": "2.test the validation for password",
              "fullTitle": "Test for the Login page 2.test the validation for password",
              "timedOut": null,
              "duration": 535,
              "state": "passed",
              "speed": "fast",
              "pass": true,
              "fail": false,
              "pending": false,
              "context": null,
              "code": "(0, _login.passwordValidationTest)();",
              "err": {},
              "uuid": "1ca75e00-a432-4ff4-b2d9-944f10d62462",
              "parentUUID": "300403b2-0796-4e9c-baeb-83ada89d8487",
              "isHook": false,
              "skipped": false
            },
            {
              "title": "3.test the invalid username login test",
              "fullTitle": "Test for the Login page 3.test the invalid username login test",
              "timedOut": null,
              "duration": 1364,
              "state": "passed",
              "speed": "fast",
              "pass": true,
              "fail": false,
              "pending": false,
              "context": null,
              "code": "(0, _login.testLoginWhenUserIsLockedOut)();",
              "err": {},
              "uuid": "b46557d1-36d9-4cf6-a403-36db73ea5dce",
              "parentUUID": "300403b2-0796-4e9c-baeb-83ada89d8487",
              "isHook": false,
              "skipped": false
            },
            {
              "title": "4.test the login when the username and password are invalid",
              "fullTitle": "Test for the Login page 4.test the login when the username and password are invalid",
              "timedOut": null,
              "duration": 1014,
              "state": "passed",
              "speed": "fast",
              "pass": true,
              "fail": false,
              "pending": false,
              "context": null,
              "code": "(0, _login.wrongPasswordAndUserName)();",
              "err": {},
              "uuid": "1b9a7fee-7861-4e95-993e-b7ebb88e92d7",
              "parentUUID": "300403b2-0796-4e9c-baeb-83ada89d8487",
              "isHook": false,
              "skipped": false
            }
          ],
          "suites": [],
          "passes": [
            "a1485cb3-187e-4051-9f08-a1ebfca28f29",
            "1ca75e00-a432-4ff4-b2d9-944f10d62462",
            "b46557d1-36d9-4cf6-a403-36db73ea5dce",
            "1b9a7fee-7861-4e95-993e-b7ebb88e92d7"
          ],
          "failures": [],
          "pending": [],
          "skipped": [],
          "duration": 3321,
          "root": false,
          "rootEmpty": false,
          "_timeout": 2000
        }
      ],
      "passes": [],
      "failures": [],
      "pending": [],
      "skipped": [],
      "duration": 0,
      "root": true,
      "rootEmpty": true,
      "_timeout": 2000
    }
  ],
  "meta": {
    "mocha": {
      "version": "7.0.1"
    },
    "mochawesome": {
      "options": {
        "quiet": false,
        "reportFilename": "report",
        "saveHtml": true,
        "saveJson": true,
        "consoleReporter": "spec",
        "useInlineDiffs": false,
        "code": true
      },
      "version": "7.1.3"
    },
    "marge": {
      "options": {
        "charts": false,
        "html": true,
        "json": true,
        "reportDir": "cypress/reports",
        "reportFilename": "report"
      },
      "version": "6.2.0"
    }
  }
}